<?xml version="1.0" encoding="UTF-8"?>
<!-- Generated by org.testng.reporters.JUnitXMLReporter -->
<testsuite ignored="5" hostname="HIJ-LP094" failures="0" tests="1" name="Default test" time="14.516" errors="0" timestamp="2021-03-17T14:55:41 IST">
  <testcase classname="com.crm.qa.testcases.GmailLoginPageTest" name="G_Login_email_Test" time="5.756"/>
  <testcase classname="com.crm.qa.testcases.GmailLoginPageTest" name="LoginWithInvalidPasswordTest" time="0.0">
    <ignored/>
  </testcase> <!-- LoginWithInvalidPasswordTest -->
  <testcase classname="com.crm.qa.testcases.GmailLoginPageTest" name="LoginWithInvalidUserNameTest" time="0.0">
    <ignored/>
  </testcase> <!-- LoginWithInvalidUserNameTest -->
  <testcase classname="com.crm.qa.testcases.GmailLoginPageTest" name="LoginWithBlankPasswordTest" time="0.0">
    <ignored/>
  </testcase> <!-- LoginWithBlankPasswordTest -->
  <testcase classname="com.crm.qa.testcases.GmailLoginPageTest" name="LoginWithBlankUserNameTest" time="0.0">
    <ignored/>
  </testcase> <!-- LoginWithBlankUserNameTest -->
  <testcase classname="com.crm.qa.testcases.GmailLoginPageTest" name="GmailLoginPageTitleTest" time="0.0">
    <ignored/>
  </testcase> <!-- GmailLoginPageTitleTest -->
</testsuite> <!-- Default test -->
